02-Oct-2018 11:10:29.539 INFO [main] org.apache.catalina.startup.VersionLoggerListener.log Server version:        Apache Tomcat/8.5.34
02-Oct-2018 11:10:29.544 INFO [main] org.apache.catalina.startup.VersionLoggerListener.log Server built:          Sep 4 2018 22:28:22 UTC
02-Oct-2018 11:10:29.545 INFO [main] org.apache.catalina.startup.VersionLoggerListener.log Server number:         8.5.34.0
02-Oct-2018 11:10:29.546 INFO [main] org.apache.catalina.startup.VersionLoggerListener.log OS Name:               Windows 10
02-Oct-2018 11:10:29.546 INFO [main] org.apache.catalina.startup.VersionLoggerListener.log OS Version:            10.0
02-Oct-2018 11:10:29.546 INFO [main] org.apache.catalina.startup.VersionLoggerListener.log Architecture:          amd64
02-Oct-2018 11:10:29.546 INFO [main] org.apache.catalina.startup.VersionLoggerListener.log Java Home:             C:\Program Files\Java\jre-9.0.4
02-Oct-2018 11:10:29.547 INFO [main] org.apache.catalina.startup.VersionLoggerListener.log JVM Version:           9.0.4+11
02-Oct-2018 11:10:29.548 INFO [main] org.apache.catalina.startup.VersionLoggerListener.log JVM Vendor:            Oracle Corporation
02-Oct-2018 11:10:29.548 INFO [main] org.apache.catalina.startup.VersionLoggerListener.log CATALINA_BASE:         C:\Users\Karina\infra\apache-tomcat-8.5.34-windows-x64\apache-tomcat-8.5.34
02-Oct-2018 11:10:29.550 INFO [main] org.apache.catalina.startup.VersionLoggerListener.log CATALINA_HOME:         C:\Users\Karina\infra\apache-tomcat-8.5.34-windows-x64\apache-tomcat-8.5.34
02-Oct-2018 11:10:29.551 INFO [main] org.apache.catalina.startup.VersionLoggerListener.log Command line argument: --add-opens=java.base/java.lang=ALL-UNNAMED
02-Oct-2018 11:10:29.551 INFO [main] org.apache.catalina.startup.VersionLoggerListener.log Command line argument: --add-opens=java.base/java.io=ALL-UNNAMED
02-Oct-2018 11:10:29.552 INFO [main] org.apache.catalina.startup.VersionLoggerListener.log Command line argument: --add-opens=java.rmi/sun.rmi.transport=ALL-UNNAMED
02-Oct-2018 11:10:29.553 INFO [main] org.apache.catalina.startup.VersionLoggerListener.log Command line argument: -Djava.util.logging.config.file=C:\Users\Karina\infra\apache-tomcat-8.5.34-windows-x64\apache-tomcat-8.5.34\conf\logging.properties
02-Oct-2018 11:10:29.556 INFO [main] org.apache.catalina.startup.VersionLoggerListener.log Command line argument: -Djava.util.logging.manager=org.apache.juli.ClassLoaderLogManager
02-Oct-2018 11:10:29.557 INFO [main] org.apache.catalina.startup.VersionLoggerListener.log Command line argument: -Djdk.tls.ephemeralDHKeySize=2048
02-Oct-2018 11:10:29.558 INFO [main] org.apache.catalina.startup.VersionLoggerListener.log Command line argument: -Djava.protocol.handler.pkgs=org.apache.catalina.webresources
02-Oct-2018 11:10:29.560 INFO [main] org.apache.catalina.startup.VersionLoggerListener.log Command line argument: -Dignore.endorsed.dirs=
02-Oct-2018 11:10:29.561 INFO [main] org.apache.catalina.startup.VersionLoggerListener.log Command line argument: -Dcatalina.base=C:\Users\Karina\infra\apache-tomcat-8.5.34-windows-x64\apache-tomcat-8.5.34
02-Oct-2018 11:10:29.561 INFO [main] org.apache.catalina.startup.VersionLoggerListener.log Command line argument: -Dcatalina.home=C:\Users\Karina\infra\apache-tomcat-8.5.34-windows-x64\apache-tomcat-8.5.34
02-Oct-2018 11:10:29.562 INFO [main] org.apache.catalina.startup.VersionLoggerListener.log Command line argument: -Djava.io.tmpdir=C:\Users\Karina\infra\apache-tomcat-8.5.34-windows-x64\apache-tomcat-8.5.34\temp
02-Oct-2018 11:10:29.562 INFO [main] org.apache.catalina.core.AprLifecycleListener.lifecycleEvent Loaded APR based Apache Tomcat Native library [1.2.17] using APR version [1.6.3].
02-Oct-2018 11:10:29.563 INFO [main] org.apache.catalina.core.AprLifecycleListener.lifecycleEvent APR capabilities: IPv6 [true], sendfile [true], accept filters [false], random [true].
02-Oct-2018 11:10:29.563 INFO [main] org.apache.catalina.core.AprLifecycleListener.lifecycleEvent APR/OpenSSL configuration: useAprConnector [false], useOpenSSL [true]
02-Oct-2018 11:10:30.227 INFO [main] org.apache.catalina.core.AprLifecycleListener.initializeSSL OpenSSL successfully initialized [OpenSSL 1.0.2o  27 Mar 2018]
02-Oct-2018 11:10:30.292 INFO [main] org.apache.coyote.AbstractProtocol.init Initializing ProtocolHandler ["http-nio-8080"]
02-Oct-2018 11:10:30.482 INFO [main] org.apache.tomcat.util.net.NioSelectorPool.getSharedSelector Using a shared selector for servlet write/read
02-Oct-2018 11:10:30.494 INFO [main] org.apache.coyote.AbstractProtocol.init Initializing ProtocolHandler ["ajp-nio-8009"]
02-Oct-2018 11:10:30.504 INFO [main] org.apache.tomcat.util.net.NioSelectorPool.getSharedSelector Using a shared selector for servlet write/read
02-Oct-2018 11:10:30.505 INFO [main] org.apache.catalina.startup.Catalina.load Initialization processed in 1833 ms
02-Oct-2018 11:10:31.061 INFO [main] org.apache.catalina.core.StandardService.startInternal Starting service [Catalina]
02-Oct-2018 11:10:31.061 INFO [main] org.apache.catalina.core.StandardEngine.startInternal Starting Servlet Engine: Apache Tomcat/8.5.34
02-Oct-2018 11:10:31.079 INFO [localhost-startStop-1] org.apache.catalina.startup.HostConfig.deployDirectory Deploying web application directory [C:\Users\Karina\infra\apache-tomcat-8.5.34-windows-x64\apache-tomcat-8.5.34\webapps\docs]
02-Oct-2018 11:10:31.813 WARNING [localhost-startStop-1] org.apache.catalina.util.SessionIdGeneratorBase.createSecureRandom Creation of SecureRandom instance for session ID generation using [SHA1PRNG] took [112] milliseconds.
02-Oct-2018 11:10:31.840 INFO [localhost-startStop-1] org.apache.catalina.startup.HostConfig.deployDirectory Deployment of web application directory [C:\Users\Karina\infra\apache-tomcat-8.5.34-windows-x64\apache-tomcat-8.5.34\webapps\docs] has finished in [761] ms
02-Oct-2018 11:10:31.841 INFO [localhost-startStop-1] org.apache.catalina.startup.HostConfig.deployDirectory Deploying web application directory [C:\Users\Karina\infra\apache-tomcat-8.5.34-windows-x64\apache-tomcat-8.5.34\webapps\examples]
02-Oct-2018 11:10:33.674 INFO [localhost-startStop-1] org.apache.catalina.startup.HostConfig.deployDirectory Deployment of web application directory [C:\Users\Karina\infra\apache-tomcat-8.5.34-windows-x64\apache-tomcat-8.5.34\webapps\examples] has finished in [1,833] ms
02-Oct-2018 11:10:33.675 INFO [localhost-startStop-1] org.apache.catalina.startup.HostConfig.deployDirectory Deploying web application directory [C:\Users\Karina\infra\apache-tomcat-8.5.34-windows-x64\apache-tomcat-8.5.34\webapps\HelloWorldServlet]
02-Oct-2018 11:10:33.786 INFO [localhost-startStop-1] org.apache.catalina.startup.HostConfig.deployDirectory Deployment of web application directory [C:\Users\Karina\infra\apache-tomcat-8.5.34-windows-x64\apache-tomcat-8.5.34\webapps\HelloWorldServlet] has finished in [111] ms
02-Oct-2018 11:10:33.787 INFO [localhost-startStop-1] org.apache.catalina.startup.HostConfig.deployDirectory Deploying web application directory [C:\Users\Karina\infra\apache-tomcat-8.5.34-windows-x64\apache-tomcat-8.5.34\webapps\host-manager]
02-Oct-2018 11:10:33.856 INFO [localhost-startStop-1] org.apache.catalina.startup.HostConfig.deployDirectory Deployment of web application directory [C:\Users\Karina\infra\apache-tomcat-8.5.34-windows-x64\apache-tomcat-8.5.34\webapps\host-manager] has finished in [69] ms
02-Oct-2018 11:10:33.857 INFO [localhost-startStop-1] org.apache.catalina.startup.HostConfig.deployDirectory Deploying web application directory [C:\Users\Karina\infra\apache-tomcat-8.5.34-windows-x64\apache-tomcat-8.5.34\webapps\manager]
02-Oct-2018 11:10:33.912 INFO [localhost-startStop-1] org.apache.catalina.startup.HostConfig.deployDirectory Deployment of web application directory [C:\Users\Karina\infra\apache-tomcat-8.5.34-windows-x64\apache-tomcat-8.5.34\webapps\manager] has finished in [55] ms
02-Oct-2018 11:10:33.914 INFO [localhost-startStop-1] org.apache.catalina.startup.HostConfig.deployDirectory Deploying web application directory [C:\Users\Karina\infra\apache-tomcat-8.5.34-windows-x64\apache-tomcat-8.5.34\webapps\PhoneBookMaven]
02-Oct-2018 11:10:34.456 INFO [localhost-startStop-1] org.apache.jasper.servlet.TldScanner.scanJars At least one JAR was scanned for TLDs yet contained no TLDs. Enable debug logging for this logger for a complete list of JARs that were scanned but no TLDs were found in them. Skipping unneeded JARs during scanning can improve startup time and JSP compilation time.
02-Oct-2018 11:10:34.463 INFO [localhost-startStop-1] org.apache.catalina.startup.HostConfig.deployDirectory Deployment of web application directory [C:\Users\Karina\infra\apache-tomcat-8.5.34-windows-x64\apache-tomcat-8.5.34\webapps\PhoneBookMaven] has finished in [549] ms
02-Oct-2018 11:10:34.465 INFO [localhost-startStop-1] org.apache.catalina.startup.HostConfig.deployDirectory Deploying web application directory [C:\Users\Karina\infra\apache-tomcat-8.5.34-windows-x64\apache-tomcat-8.5.34\webapps\PhoneBookMaven2]
02-Oct-2018 11:10:34.638 INFO [localhost-startStop-1] org.apache.jasper.servlet.TldScanner.scanJars At least one JAR was scanned for TLDs yet contained no TLDs. Enable debug logging for this logger for a complete list of JARs that were scanned but no TLDs were found in them. Skipping unneeded JARs during scanning can improve startup time and JSP compilation time.
02-Oct-2018 11:10:34.645 INFO [localhost-startStop-1] org.apache.catalina.startup.HostConfig.deployDirectory Deployment of web application directory [C:\Users\Karina\infra\apache-tomcat-8.5.34-windows-x64\apache-tomcat-8.5.34\webapps\PhoneBookMaven2] has finished in [180] ms
02-Oct-2018 11:10:34.648 INFO [localhost-startStop-1] org.apache.catalina.startup.HostConfig.deployDirectory Deploying web application directory [C:\Users\Karina\infra\apache-tomcat-8.5.34-windows-x64\apache-tomcat-8.5.34\webapps\ROOT]
02-Oct-2018 11:10:34.704 INFO [localhost-startStop-1] org.apache.catalina.startup.HostConfig.deployDirectory Deployment of web application directory [C:\Users\Karina\infra\apache-tomcat-8.5.34-windows-x64\apache-tomcat-8.5.34\webapps\ROOT] has finished in [56] ms
02-Oct-2018 11:10:34.710 INFO [main] org.apache.coyote.AbstractProtocol.start Starting ProtocolHandler ["http-nio-8080"]
02-Oct-2018 11:10:34.722 INFO [main] org.apache.coyote.AbstractProtocol.start Starting ProtocolHandler ["ajp-nio-8009"]
02-Oct-2018 11:10:34.728 INFO [main] org.apache.catalina.startup.Catalina.start Server startup in 4221 ms
