28-Sep-2018 01:17:51.139 INFO [main] org.apache.catalina.startup.VersionLoggerListener.log Server version:        Apache Tomcat/8.5.34
28-Sep-2018 01:17:51.150 INFO [main] org.apache.catalina.startup.VersionLoggerListener.log Server built:          Sep 4 2018 22:28:22 UTC
28-Sep-2018 01:17:51.151 INFO [main] org.apache.catalina.startup.VersionLoggerListener.log Server number:         8.5.34.0
28-Sep-2018 01:17:51.152 INFO [main] org.apache.catalina.startup.VersionLoggerListener.log OS Name:               Windows 10
28-Sep-2018 01:17:51.153 INFO [main] org.apache.catalina.startup.VersionLoggerListener.log OS Version:            10.0
28-Sep-2018 01:17:51.154 INFO [main] org.apache.catalina.startup.VersionLoggerListener.log Architecture:          amd64
28-Sep-2018 01:17:51.155 INFO [main] org.apache.catalina.startup.VersionLoggerListener.log Java Home:             C:\Program Files\Java\jre-9.0.4
28-Sep-2018 01:17:51.156 INFO [main] org.apache.catalina.startup.VersionLoggerListener.log JVM Version:           9.0.4+11
28-Sep-2018 01:17:51.157 INFO [main] org.apache.catalina.startup.VersionLoggerListener.log JVM Vendor:            Oracle Corporation
28-Sep-2018 01:17:51.158 INFO [main] org.apache.catalina.startup.VersionLoggerListener.log CATALINA_BASE:         C:\Users\Karina\infra\apache-tomcat-8.5.34-windows-x64\apache-tomcat-8.5.34
28-Sep-2018 01:17:51.158 INFO [main] org.apache.catalina.startup.VersionLoggerListener.log CATALINA_HOME:         C:\Users\Karina\infra\apache-tomcat-8.5.34-windows-x64\apache-tomcat-8.5.34
28-Sep-2018 01:17:51.160 INFO [main] org.apache.catalina.startup.VersionLoggerListener.log Command line argument: --add-opens=java.base/java.lang=ALL-UNNAMED
28-Sep-2018 01:17:51.160 INFO [main] org.apache.catalina.startup.VersionLoggerListener.log Command line argument: --add-opens=java.base/java.io=ALL-UNNAMED
28-Sep-2018 01:17:51.161 INFO [main] org.apache.catalina.startup.VersionLoggerListener.log Command line argument: --add-opens=java.rmi/sun.rmi.transport=ALL-UNNAMED
28-Sep-2018 01:17:51.162 INFO [main] org.apache.catalina.startup.VersionLoggerListener.log Command line argument: -Djava.util.logging.config.file=C:\Users\Karina\infra\apache-tomcat-8.5.34-windows-x64\apache-tomcat-8.5.34\conf\logging.properties
28-Sep-2018 01:17:51.162 INFO [main] org.apache.catalina.startup.VersionLoggerListener.log Command line argument: -Djava.util.logging.manager=org.apache.juli.ClassLoaderLogManager
28-Sep-2018 01:17:51.163 INFO [main] org.apache.catalina.startup.VersionLoggerListener.log Command line argument: -Djdk.tls.ephemeralDHKeySize=2048
28-Sep-2018 01:17:51.164 INFO [main] org.apache.catalina.startup.VersionLoggerListener.log Command line argument: -Djava.protocol.handler.pkgs=org.apache.catalina.webresources
28-Sep-2018 01:17:51.168 INFO [main] org.apache.catalina.startup.VersionLoggerListener.log Command line argument: -Dignore.endorsed.dirs=
28-Sep-2018 01:17:51.171 INFO [main] org.apache.catalina.startup.VersionLoggerListener.log Command line argument: -Dcatalina.base=C:\Users\Karina\infra\apache-tomcat-8.5.34-windows-x64\apache-tomcat-8.5.34
28-Sep-2018 01:17:51.171 INFO [main] org.apache.catalina.startup.VersionLoggerListener.log Command line argument: -Dcatalina.home=C:\Users\Karina\infra\apache-tomcat-8.5.34-windows-x64\apache-tomcat-8.5.34
28-Sep-2018 01:17:51.172 INFO [main] org.apache.catalina.startup.VersionLoggerListener.log Command line argument: -Djava.io.tmpdir=C:\Users\Karina\infra\apache-tomcat-8.5.34-windows-x64\apache-tomcat-8.5.34\temp
28-Sep-2018 01:17:51.173 INFO [main] org.apache.catalina.core.AprLifecycleListener.lifecycleEvent Loaded APR based Apache Tomcat Native library [1.2.17] using APR version [1.6.3].
28-Sep-2018 01:17:51.174 INFO [main] org.apache.catalina.core.AprLifecycleListener.lifecycleEvent APR capabilities: IPv6 [true], sendfile [true], accept filters [false], random [true].
28-Sep-2018 01:17:51.175 INFO [main] org.apache.catalina.core.AprLifecycleListener.lifecycleEvent APR/OpenSSL configuration: useAprConnector [false], useOpenSSL [true]
28-Sep-2018 01:17:52.272 INFO [main] org.apache.catalina.core.AprLifecycleListener.initializeSSL OpenSSL successfully initialized [OpenSSL 1.0.2o  27 Mar 2018]
28-Sep-2018 01:17:52.368 INFO [main] org.apache.coyote.AbstractProtocol.init Initializing ProtocolHandler ["http-nio-8080"]
28-Sep-2018 01:17:54.057 INFO [main] org.apache.tomcat.util.net.NioSelectorPool.getSharedSelector Using a shared selector for servlet write/read
28-Sep-2018 01:17:54.080 INFO [main] org.apache.coyote.AbstractProtocol.init Initializing ProtocolHandler ["ajp-nio-8009"]
28-Sep-2018 01:17:54.089 INFO [main] org.apache.tomcat.util.net.NioSelectorPool.getSharedSelector Using a shared selector for servlet write/read
28-Sep-2018 01:17:54.092 INFO [main] org.apache.catalina.startup.Catalina.load Initialization processed in 4529 ms
28-Sep-2018 01:17:54.250 INFO [main] org.apache.catalina.core.StandardService.startInternal Starting service [Catalina]
28-Sep-2018 01:17:54.251 INFO [main] org.apache.catalina.core.StandardEngine.startInternal Starting Servlet Engine: Apache Tomcat/8.5.34
28-Sep-2018 01:17:54.277 INFO [localhost-startStop-1] org.apache.catalina.startup.HostConfig.deployDirectory Deploying web application directory [C:\Users\Karina\infra\apache-tomcat-8.5.34-windows-x64\apache-tomcat-8.5.34\webapps\docs]
28-Sep-2018 01:17:55.212 WARNING [localhost-startStop-1] org.apache.catalina.util.SessionIdGeneratorBase.createSecureRandom Creation of SecureRandom instance for session ID generation using [SHA1PRNG] took [219] milliseconds.
28-Sep-2018 01:17:55.262 INFO [localhost-startStop-1] org.apache.catalina.startup.HostConfig.deployDirectory Deployment of web application directory [C:\Users\Karina\infra\apache-tomcat-8.5.34-windows-x64\apache-tomcat-8.5.34\webapps\docs] has finished in [985] ms
28-Sep-2018 01:17:55.269 INFO [localhost-startStop-1] org.apache.catalina.startup.HostConfig.deployDirectory Deploying web application directory [C:\Users\Karina\infra\apache-tomcat-8.5.34-windows-x64\apache-tomcat-8.5.34\webapps\examples]
28-Sep-2018 01:17:57.659 INFO [localhost-startStop-1] org.apache.catalina.startup.HostConfig.deployDirectory Deployment of web application directory [C:\Users\Karina\infra\apache-tomcat-8.5.34-windows-x64\apache-tomcat-8.5.34\webapps\examples] has finished in [2,391] ms
28-Sep-2018 01:17:57.660 INFO [localhost-startStop-1] org.apache.catalina.startup.HostConfig.deployDirectory Deploying web application directory [C:\Users\Karina\infra\apache-tomcat-8.5.34-windows-x64\apache-tomcat-8.5.34\webapps\HelloWorldServlet]
28-Sep-2018 01:17:57.851 INFO [localhost-startStop-1] org.apache.catalina.startup.HostConfig.deployDirectory Deployment of web application directory [C:\Users\Karina\infra\apache-tomcat-8.5.34-windows-x64\apache-tomcat-8.5.34\webapps\HelloWorldServlet] has finished in [189] ms
28-Sep-2018 01:17:57.853 INFO [localhost-startStop-1] org.apache.catalina.startup.HostConfig.deployDirectory Deploying web application directory [C:\Users\Karina\infra\apache-tomcat-8.5.34-windows-x64\apache-tomcat-8.5.34\webapps\host-manager]
28-Sep-2018 01:17:57.944 INFO [localhost-startStop-1] org.apache.catalina.startup.HostConfig.deployDirectory Deployment of web application directory [C:\Users\Karina\infra\apache-tomcat-8.5.34-windows-x64\apache-tomcat-8.5.34\webapps\host-manager] has finished in [91] ms
28-Sep-2018 01:17:57.945 INFO [localhost-startStop-1] org.apache.catalina.startup.HostConfig.deployDirectory Deploying web application directory [C:\Users\Karina\infra\apache-tomcat-8.5.34-windows-x64\apache-tomcat-8.5.34\webapps\manager]
28-Sep-2018 01:17:58.051 INFO [localhost-startStop-1] org.apache.catalina.startup.HostConfig.deployDirectory Deployment of web application directory [C:\Users\Karina\infra\apache-tomcat-8.5.34-windows-x64\apache-tomcat-8.5.34\webapps\manager] has finished in [106] ms
28-Sep-2018 01:17:58.055 INFO [localhost-startStop-1] org.apache.catalina.startup.HostConfig.deployDirectory Deploying web application directory [C:\Users\Karina\infra\apache-tomcat-8.5.34-windows-x64\apache-tomcat-8.5.34\webapps\PhoneBookMaven]
28-Sep-2018 01:17:58.691 INFO [localhost-startStop-1] org.apache.jasper.servlet.TldScanner.scanJars At least one JAR was scanned for TLDs yet contained no TLDs. Enable debug logging for this logger for a complete list of JARs that were scanned but no TLDs were found in them. Skipping unneeded JARs during scanning can improve startup time and JSP compilation time.
28-Sep-2018 01:17:58.698 INFO [localhost-startStop-1] org.apache.catalina.startup.HostConfig.deployDirectory Deployment of web application directory [C:\Users\Karina\infra\apache-tomcat-8.5.34-windows-x64\apache-tomcat-8.5.34\webapps\PhoneBookMaven] has finished in [643] ms
28-Sep-2018 01:17:58.700 INFO [localhost-startStop-1] org.apache.catalina.startup.HostConfig.deployDirectory Deploying web application directory [C:\Users\Karina\infra\apache-tomcat-8.5.34-windows-x64\apache-tomcat-8.5.34\webapps\ROOT]
28-Sep-2018 01:17:58.789 INFO [localhost-startStop-1] org.apache.catalina.startup.HostConfig.deployDirectory Deployment of web application directory [C:\Users\Karina\infra\apache-tomcat-8.5.34-windows-x64\apache-tomcat-8.5.34\webapps\ROOT] has finished in [89] ms
28-Sep-2018 01:17:58.804 INFO [main] org.apache.coyote.AbstractProtocol.start Starting ProtocolHandler ["http-nio-8080"]
28-Sep-2018 01:17:58.826 INFO [main] org.apache.coyote.AbstractProtocol.start Starting ProtocolHandler ["ajp-nio-8009"]
28-Sep-2018 01:17:58.835 INFO [main] org.apache.catalina.startup.Catalina.start Server startup in 4742 ms
28-Sep-2018 16:30:36.518 WARNING [main] org.apache.catalina.core.StandardServer.await StandardServer.await: Invalid command '' received
28-Sep-2018 16:31:43.098 WARNING [main] org.apache.catalina.core.StandardServer.await StandardServer.await: Invalid command '' received
